192.168.0.73:
  TIME                     METHOD REQUEST                                                                                                         STATUS            
  2021-06-25T07:47:00.000Z GET    "/"                                                                                                             401 (UNAUTHORIZED)
  2021-06-25T07:47:01.000Z GET    "/login"                                                                                                        200 (SUCCESS)     
  2021-06-25T07:47:02.000Z GET    "/login.css"                                                                                                    200 (SUCCESS)     
  2021-06-25T07:47:03.000Z GET    "/login.js"                                                                                                     200 (SUCCESS)     
  2021-06-25T07:48:01.000Z POST   "/login"                                                                                                        200 (SUCCESS)     
  2021-06-25T07:48:02.000Z GET    "/" {authorizedUserId: "1FtyZHWX9c8JJTZiYqq4Bs"}                                                                200 (SUCCESS)     
  2021-06-25T07:48:03.000Z GET    "/index.css" {authorizedUserId: "1FtyZHWX9c8JJTZiYqq4Bs"}                                                       200 (SUCCESS)     
  2021-06-25T07:48:04.000Z GET    "/index.js" {authorizedUserId: "1FtyZHWX9c8JJTZiYqq4Bs"}                                                        200 (SUCCESS)     
  2021-06-25T07:48:04.000Z GET    "/api/factory/status?factory=*" {authorizedUserId: "1FtyZHWX9c8JJTZiYqq4Bs"}                                    200 (SUCCESS)     
  2021-06-25T07:48:14.000Z GET    "/api/factory/machine/status?factory=meiyo&machine=*" {authorizedUserId: "1FtyZHWX9c8JJTZiYqq4Bs"}              200 (SUCCESS)     
  2021-06-25T07:48:17.000Z GET    "/api/factory/machine/status?factory=meiyo&machine=LaserWelder" {authorizedUserId: "1FtyZHWX9c8JJTZiYqq4Bs"}    200 (SUCCESS)     
  2021-06-25T07:49:12.000Z GET    "/api/factory/machine/status?factory=berlin&machine=*" {authorizedUserId: "1FtyZHWX9c8JJTZiYqq4Bs"}             200 (SUCCESS)     
  2021-06-25T07:49:48.000Z GET    "/api/factory/machine/status?factory=berlin&machine=LaserCutter" {authorizedUserId: "1FtyZHWX9c8JJTZiYqq4Bs"}   200 (SUCCESS)     
  2021-06-25T07:51:20.000Z GET    "/api/factory/machine/status?factory=berlin&machine=MetalPress" {authorizedUserId: "1FtyZHWX9c8JJTZiYqq4Bs"}    200 (SUCCESS)     
  2021-06-25T07:52:15.000Z GET    "/api/factory/machine/status?factory=meiyo&machine=*" {authorizedUserId: "1FtyZHWX9c8JJTZiYqq4Bs"}              200 (SUCCESS)     
  2021-06-25T07:52:53.000Z GET    "/api/factory/machine/status?factory=meiyo&machine=HeavyDutyDrill" {authorizedUserId: "1FtyZHWX9c8JJTZiYqq4Bs"} 200 (SUCCESS) 

192.168.0.108:
  TIME                     METHOD REQUEST                                                                                                         STATUS            
  2021-06-25T10:38:00.000Z GET    "/"                                                                                                             401 (UNAUTHORIZED)
  2021-06-25T10:38:00.000Z GET    "/login"                                                                                                        200 (SUCCESS)     
  2021-06-25T10:38:01.000Z GET    "/login.css"                                                                                                    200 (SUCCESS)     
  2021-06-25T10:38:01.000Z GET    "/login.js"                                                                                                     200 (SUCCESS)     
  2021-06-25T10:38:53.000Z POST   "/login"                                                                                                        200 (SUCCESS)     
  2021-06-25T10:38:54.000Z GET    "/" {authorizedUserId: "3ZBu4TumfETr3ruTL4A7ZM"}                                                                200 (SUCCESS)     
  2021-06-25T10:38:55.000Z GET    "/index.css" {authorizedUserId: "3ZBu4TumfETr3ruTL4A7ZM"}                                                       200 (SUCCESS)     
  2021-06-25T10:38:55.000Z GET    "/index.js" {authorizedUserId: "3ZBu4TumfETr3ruTL4A7ZM"}                                                        200 (SUCCESS)     
  2021-06-25T10:38:56.000Z GET    "/api/factory/status?factory=*" {authorizedUserId: "3ZBu4TumfETr3ruTL4A7ZM"}                                    200 (SUCCESS)     
  2021-06-25T10:39:20.000Z GET    "/api/factory/machine/status?factory=meiyo&machine=*" {authorizedUserId: "3ZBu4TumfETr3ruTL4A7ZM"}              200 (SUCCESS)     
  2021-06-25T10:39:32.000Z GET    "/api/factory/machine/status?factory=meiyo&machine=HeavyDutyDrill" {authorizedUserId: "3ZBu4TumfETr3ruTL4A7ZM"} 200 (SUCCESS)     
  2021-06-25T10:39:49.000Z GET    "/api/factory/machine/status?factory=meiyo&machine=MetalPress" {authorizedUserId: "3ZBu4TumfETr3ruTL4A7ZM"}     200 (SUCCESS)     
  2021-06-25T10:40:17.000Z GET    "/api/factory/machine/status?factory=shenzhen&machine=*" {authorizedUserId: "3ZBu4TumfETr3ruTL4A7ZM"}           200 (SUCCESS)     
  2021-06-25T10:40:52.000Z GET    "/api/factory/machine/status?factory=shenzhen&machine=LaserWelder" {authorizedUserId: "3ZBu4TumfETr3ruTL4A7ZM"} 200 (SUCCESS)     
  2021-06-25T10:41:39.000Z GET    "/api/factory/machine/status?factory=shenzhen&machine=AirWrench" {authorizedUserId: "3ZBu4TumfETr3ruTL4A7ZM"}   200 (SUCCESS)     
  2021-06-25T10:42:56.000Z GET    "/api/factory/machine/status?factory=seiko&machine=*" {authorizedUserId: "3ZBu4TumfETr3ruTL4A7ZM"}              200 (SUCCESS)     
  2021-06-25T10:43:53.000Z GET    "/api/factory/machine/status?factory=seiko&machine=AirWrench" {authorizedUserId: "3ZBu4TumfETr3ruTL4A7ZM"}      200 (SUCCESS)     
  2021-06-25T10:44:52.000Z GET    "/api/factory/machine/status?factory=seiko&machine=CNC" {authorizedUserId: "3ZBu4TumfETr3ruTL4A7ZM"}            200 (SUCCESS)     

192.168.0.66:
  TIME                     METHOD REQUEST                                                                                                         STATUS            
  2021-06-26T06:22:01.000Z GET    "/"                                                                                                             401 (UNAUTHORIZED)
  2021-06-26T06:22:01.000Z GET    "/login"                                                                                                        200 (SUCCESS)     
  2021-06-26T06:22:01.000Z GET    "/login.css"                                                                                                    200 (SUCCESS)     
  2021-06-26T06:22:01.000Z GET    "/login.js"                                                                                                     200 (SUCCESS)     
  2021-06-26T06:22:43.000Z POST   "/login"                                                                                                        200 (SUCCESS)     
  2021-06-26T06:22:43.000Z GET    "/" {authorizedUserId: "obbi5BSPBt2K66ZGP8cyTJ"}                                                                200 (SUCCESS)     
  2021-06-26T06:22:44.000Z GET    "/index.css" {authorizedUserId: "obbi5BSPBt2K66ZGP8cyTJ"}                                                       200 (SUCCESS)     
  2021-06-26T06:22:44.000Z GET    "/index.js" {authorizedUserId: "obbi5BSPBt2K66ZGP8cyTJ"}                                                        200 (SUCCESS)     
  2021-06-26T06:22:45.000Z GET    "/api/factory/status?factory=*" {authorizedUserId: "obbi5BSPBt2K66ZGP8cyTJ"}                                    200 (SUCCESS)     
  2021-06-26T06:23:08.000Z GET    "/api/factory/machine/status?factory=seiko&machine=*" {authorizedUserId: "obbi5BSPBt2K66ZGP8cyTJ"}              200 (SUCCESS)     
  2021-06-26T06:23:28.000Z GET    "/api/factory/machine/status?factory=seiko&machine=MetalPress" {authorizedUserId: "obbi5BSPBt2K66ZGP8cyTJ"}     200 (SUCCESS)     
  2021-06-26T06:23:48.000Z GET    "/api/factory/machine/status?factory=shenzhen&machine=*" {authorizedUserId: "obbi5BSPBt2K66ZGP8cyTJ"}           200 (SUCCESS)     
  2021-06-26T06:24:12.000Z GET    "/api/factory/machine/status?factory=shenzhen&machine=LaserCutter" {authorizedUserId: "obbi5BSPBt2K66ZGP8cyTJ"} 200 (SUCCESS)     
  2021-06-26T06:24:48.000Z GET    "/api/factory/machine/status?factory=meiyo&machine=*" {authorizedUserId: "obbi5BSPBt2K66ZGP8cyTJ"}              200 (SUCCESS)     
  2021-06-26T06:25:11.000Z GET    "/api/factory/machine/status?factory=meiyo&machine=AirWrench" {authorizedUserId: "obbi5BSPBt2K66ZGP8cyTJ"}      200 (SUCCESS)     
  2021-06-28T06:29:39.000Z GET    "/"                                                                                                             401 (UNAUTHORIZED)
  2021-06-28T06:29:40.000Z GET    "/login"                                                                                                        200 (SUCCESS)     
  2021-06-28T06:29:41.000Z GET    "/login.css"                                                                                                    200 (SUCCESS)     
  2021-06-28T06:29:42.000Z GET    "/login.js"                                                                                                     200 (SUCCESS)     
  2021-06-28T06:29:46.000Z POST   "/login"                                                                                                        200 (SUCCESS)     
  2021-06-28T06:29:47.000Z GET    "/" {authorizedUserId: "obbi5BSPBt2K66ZGP8cyTJ"}                                                                200 (SUCCESS)     
  2021-06-28T06:29:47.000Z GET    "/index.css" {authorizedUserId: "obbi5BSPBt2K66ZGP8cyTJ"}                                                       200 (SUCCESS)     
  2021-06-28T06:29:47.000Z GET    "/index.js" {authorizedUserId: "obbi5BSPBt2K66ZGP8cyTJ"}                                                        200 (SUCCESS)     
  2021-06-28T06:29:47.000Z GET    "/api/factory/status?factory=*" {authorizedUserId: "obbi5BSPBt2K66ZGP8cyTJ"}                                    200 (SUCCESS)     
  2021-06-28T06:30:41.000Z GET    "/api/factory/machine/status?factory=meiyo&machine=*" {authorizedUserId: "obbi5BSPBt2K66ZGP8cyTJ"}              200 (SUCCESS)     
  2021-06-28T06:31:19.000Z GET    "/api/factory/machine/status?factory=meiyo&machine=*" {authorizedUserId: "obbi5BSPBt2K66ZGP8cyTJ"}              200 (SUCCESS)     
  2021-06-28T06:32:15.000Z GET    "/api/factory/machine/status?factory=meiyo&machine=ConveyorBelt" {authorizedUserId: "obbi5BSPBt2K66ZGP8cyTJ"}   200 (SUCCESS)     
  2021-06-28T06:33:34.000Z GET    "/api/factory/machine/status?factory=meiyo&machine=AirWrench" {authorizedUserId: "obbi5BSPBt2K66ZGP8cyTJ"}      200 (SUCCESS)     
  2021-06-28T06:34:46.000Z GET    "/api/factory/machine/status?factory=seiko&machine=*" {authorizedUserId: "obbi5BSPBt2K66ZGP8cyTJ"}              200 (SUCCESS)     
  2021-06-28T06:35:24.000Z GET    "/api/factory/machine/status?factory=seiko&machine=Furnace" {authorizedUserId: "obbi5BSPBt2K66ZGP8cyTJ"}        200 (SUCCESS)     
  2021-06-29T06:39:10.000Z GET    "/"                                                                                                             401 (UNAUTHORIZED)
  2021-06-29T06:39:11.000Z GET    "/login"                                                                                                        200 (SUCCESS)     
  2021-06-29T06:39:11.000Z GET    "/login.css"                                                                                                    200 (SUCCESS)     
  2021-06-29T06:39:12.000Z GET    "/login.js"                                                                                                     200 (SUCCESS)     
  2021-06-29T06:39:28.000Z POST   "/login"                                                                                                        200 (SUCCESS)     
  2021-06-29T06:39:28.000Z GET    "/" {authorizedUserId: "obbi5BSPBt2K66ZGP8cyTJ"}                                                                200 (SUCCESS)     
  2021-06-29T06:39:29.000Z GET    "/index.css" {authorizedUserId: "obbi5BSPBt2K66ZGP8cyTJ"}                                                       200 (SUCCESS)     
  2021-06-29T06:39:30.000Z GET    "/index.js" {authorizedUserId: "obbi5BSPBt2K66ZGP8cyTJ"}                                                        200 (SUCCESS)     
  2021-06-29T06:39:30.000Z GET    "/api/factory/status?factory=*" {authorizedUserId: "obbi5BSPBt2K66ZGP8cyTJ"}                                    200 (SUCCESS)     
  2021-06-29T06:39:33.000Z GET    "/api/factory/machine/status?factory=seiko&machine=*" {authorizedUserId: "obbi5BSPBt2K66ZGP8cyTJ"}              200 (SUCCESS)     
  2021-06-29T06:40:15.000Z GET    "/api/factory/machine/status?factory=seiko&machine=ConveyorBelt" {authorizedUserId: "obbi5BSPBt2K66ZGP8cyTJ"}   200 (SUCCESS)     
  2021-06-29T06:41:10.000Z GET    "/api/factory/machine/status?factory=seiko&machine=*" {authorizedUserId: "obbi5BSPBt2K66ZGP8cyTJ"}              200 (SUCCESS)     
  2021-06-29T06:41:28.000Z GET    "/api/factory/machine/status?factory=seiko&machine=CNC" {authorizedUserId: "obbi5BSPBt2K66ZGP8cyTJ"}            200 (SUCCESS)     
  2021-06-29T06:42:01.000Z GET    "/api/factory/machine/status?factory=berlin&machine=*" {authorizedUserId: "obbi5BSPBt2K66ZGP8cyTJ"}             200 (SUCCESS)     
  2021-06-29T06:42:29.000Z GET    "/api/factory/machine/status?factory=berlin&machine=SpotWelder" {authorizedUserId: "obbi5BSPBt2K66ZGP8cyTJ"}    200 (SUCCESS)     
  2021-06-29T06:43:45.000Z GET    "/api/factory/machine/status?factory=berlin&machine=LaserCutter" {authorizedUserId: "obbi5BSPBt2K66ZGP8cyTJ"}   200 (SUCCESS) 

192.168.0.44:
  TIME                     METHOD REQUEST                                                                                               STATUS            
  2021-06-26T05:45:00.000Z GET    "/"                                                                                                   401 (UNAUTHORIZED)
  2021-06-26T05:45:00.000Z GET    "/login"                                                                                              200 (SUCCESS)     
  2021-06-26T05:45:00.000Z GET    "/login.css"                                                                                          200 (SUCCESS)     
  2021-06-26T05:45:01.000Z GET    "/login.js"                                                                                           200 (SUCCESS)     
  2021-06-26T05:45:20.000Z POST   "/login"                                                                                              200 (SUCCESS)     
  2021-06-26T05:45:21.000Z GET    "/" {authorizedUserId: "dBFjPM7T4dW7zMu7pqn8wn"}                                                      200 (SUCCESS)     
  2021-06-26T05:45:22.000Z GET    "/index.css" {authorizedUserId: "dBFjPM7T4dW7zMu7pqn8wn"}                                             200 (SUCCESS)     
  2021-06-26T05:45:22.000Z GET    "/index.js" {authorizedUserId: "dBFjPM7T4dW7zMu7pqn8wn"}                                              200 (SUCCESS)     
  2021-06-26T05:45:22.000Z GET    "/api/factory/status?factory=*" {authorizedUserId: "dBFjPM7T4dW7zMu7pqn8wn"}                          200 (SUCCESS)     
  2021-06-26T05:45:52.000Z GET    "/api/factory/machine/status?factory=shenzhen&machine=*" {authorizedUserId: "dBFjPM7T4dW7zMu7pqn8wn"} 200 (SUCCESS)     

192.168.0.122:
  TIME                     METHOD REQUEST                                                                                                        STATUS            
  2021-06-26T05:34:01.000Z GET    "/"                                                                                                            401 (UNAUTHORIZED)
  2021-06-26T05:34:02.000Z GET    "/login"                                                                                                       200 (SUCCESS)     
  2021-06-26T05:34:02.000Z GET    "/login.css"                                                                                                   200 (SUCCESS)     
  2021-06-26T05:34:02.000Z GET    "/login.js"                                                                                                    200 (SUCCESS)     
  2021-06-26T05:34:09.000Z POST   "/login"                                                                                                       200 (SUCCESS)     
  2021-06-26T05:34:10.000Z GET    "/" {authorizedUserId: "8CVNc7CPYFWSjbi7MHbTHB"}                                                               200 (SUCCESS)     
  2021-06-26T05:34:10.000Z GET    "/index.css" {authorizedUserId: "8CVNc7CPYFWSjbi7MHbTHB"}                                                      200 (SUCCESS)     
  2021-06-26T05:34:10.000Z GET    "/index.js" {authorizedUserId: "8CVNc7CPYFWSjbi7MHbTHB"}                                                       200 (SUCCESS)     
  2021-06-26T05:34:11.000Z GET    "/api/factory/status?factory=*" {authorizedUserId: "8CVNc7CPYFWSjbi7MHbTHB"}                                   200 (SUCCESS)     
  2021-06-26T05:35:11.000Z GET    "/api/factory/machine/status?factory=berlin&machine=*" {authorizedUserId: "8CVNc7CPYFWSjbi7MHbTHB"}            200 (SUCCESS)     
  2021-06-26T05:35:37.000Z GET    "/api/factory/machine/status?factory=berlin&machine=ConveyorBelt" {authorizedUserId: "8CVNc7CPYFWSjbi7MHbTHB"} 200 (SUCCESS)     
  2021-06-26T05:36:32.000Z GET    "/api/factory/machine/status?factory=berlin&machine=ConveyorBelt" {authorizedUserId: "8CVNc7CPYFWSjbi7MHbTHB"} 200 (SUCCESS)     
  2021-06-26T05:37:34.000Z GET    "/api/factory/machine/status?factory=berlin&machine=*" {authorizedUserId: "8CVNc7CPYFWSjbi7MHbTHB"}            200 (SUCCESS)     
  2021-06-26T05:38:20.000Z GET    "/api/factory/machine/status?factory=berlin&machine=AirWrench" {authorizedUserId: "8CVNc7CPYFWSjbi7MHbTHB"}    200 (SUCCESS)     
